#
# There is insufficient memory for the Java Runtime Environment to continue.
# Native memory allocation (mmap) failed to map 115343360 bytes. Error detail: G1 virtual space
# Possible reasons:
#   The system is out of physical RAM or swap space
#   This process is running with CompressedOops enabled, and the Java Heap may be blocking the growth of the native heap
# Possible solutions:
#   Reduce memory load on the system
#   Increase physical memory or swap space
#   Check if swap backing store is full
#   Decrease Java heap size (-Xmx/-Xms)
#   Decrease number of Java threads
#   Decrease Java thread stack sizes (-Xss)
#   Set larger code cache with -XX:ReservedCodeCacheSize=
#   JVM is running with Unscaled Compressed Oops mode in which the Java heap is
#     placed in the first 4GB address space. The Java Heap base address is the
#     maximum limit for the native heap growth. Please use -XX:HeapBaseMinAddress
#     to set the Java Heap base and to place the Java Heap above 4GB virtual address.
# This output file may be truncated or incomplete.
#
#  Out of Memory Error (os_windows.cpp:3686), pid=7888, tid=29496
#
# JRE version:  (21.0.6+7) (build )
# Java VM: OpenJDK 64-Bit Server VM (21.0.6+7-LTS, mixed mode, sharing, tiered, compressed oops, compressed class ptrs, g1 gc, windows-amd64)
# No core dump will be written. Minidumps are not enabled by default on client versions of Windows
#

---------------  S U M M A R Y ------------

Command Line: -Dfile.encoding=UTF-8 -Dstdout.encoding=UTF-8 -Dstderr.encoding=UTF-8 -XX:+ShowCodeDetailsInExceptionMessages learnJavaProblems._55_LinearSearch

Host: AMD Ryzen 3 7335U with Radeon Graphics         , 8 cores, 6G,  Windows 11 , 64 bit Build 26100 (10.0.26100.4768)
Time: Sat Aug 23 18:29:46 2025 India Standard Time elapsed time: 1.125546 seconds (0d 0h 0m 1s)

---------------  T H R E A D  ---------------

Current thread (0x00000176ab080fb0):  JavaThread "Unknown thread" [_thread_in_vm, id=29496, stack(0x0000000948c00000,0x0000000948d00000) (1024K)]

Stack: [0x0000000948c00000,0x0000000948d00000]
Native frames: (J=compiled Java code, j=interpreted, Vv=VM code, C=native code)
V  [jvm.dll+0x6cdee9]
V  [jvm.dll+0x8a83d1]
V  [jvm.dll+0x8aa8fe]
V  [jvm.dll+0x8aafe3]
V  [jvm.dll+0x27f706]
V  [jvm.dll+0x6ca755]
V  [jvm.dll+0x6bea3a]
V  [jvm.dll+0x355d6a]
V  [jvm.dll+0x35d936]
V  [jvm.dll+0x3af58e]
V  [jvm.dll+0x3af838]
V  [jvm.dll+0x329efc]
V  [jvm.dll+0x32aa5b]
V  [jvm.dll+0x871639]
V  [jvm.dll+0x3bc361]
V  [jvm.dll+0x85a763]
V  [jvm.dll+0x45066e]
V  [jvm.dll+0x4522b1]
C  [jli.dll+0x5278]
C  [ucrtbase.dll+0x37b0]
C  [KERNEL32.DLL+0x2e8d7]
C  [ntdll.dll+0x3c34c]


---------------  P R O C E S S  ---------------

Threads class SMR info:
_java_thread_list=0x00007fffed4fa0c8, length=0, elements={
}

Java Threads: ( => current thread )
Total: 0

Other Threads:
  0x00000176ab05c810 WorkerThread "GC Thread#0"                     [id=21132, stack(0x0000000948d00000,0x0000000948e00000) (1024K)]
  0x00000176ab646960 ConcurrentGCThread "G1 Main Marker"            [id=15980, stack(0x0000000948e00000,0x0000000948f00000) (1024K)]
  0x00000176ab05cbb0 WorkerThread "G1 Conc#0"                       [id=32124, stack(0x0000000948f00000,0x0000000949000000) (1024K)]

[error occurred during error reporting (printing all threads), id 0xc0000005, EXCEPTION_ACCESS_VIOLATION (0xc0000005) at pc=0x00007fffecbfc827]
VM state: not at safepoint (not fully initialized)

VM Mutex/Monitor currently owned by a thread:  ([mutex/lock_event])
[0x00007fffed56e480] Heap_lock - owner thread: 0x00000176ab080fb0

Heap address: 0x0000000092600000, size: 1754 MB, Compressed Oops mode: 32-bit

CDS archive(s) mapped at: [0x0000000000000000-0x0000000000000000-0x0000000000000000), size 0, SharedBaseAddress: 0x0000000800000000, ArchiveRelocationMode: 1.
Narrow klass base: 0x0000000000000000, Narrow klass shift: 0, Narrow klass range: 0x0

GC Precious Log:
 CardTable entry size: 512
 Card Set container configuration: InlinePtr #cards 5 size 8 Array Of Cards #cards 12 size 40 Howl #buckets 4 coarsen threshold 1843 Howl Bitmap #cards 512 size 80 coarsen threshold 460 Card regions per heap region 1 cards per card region 2048

Heap:
 garbage-first heap   total 0K, used 0K [0x0000000092600000, 0x0000000100000000)
  region size 1024K, 0 young (0K), 0 survivors (0K)

[error occurred during error reporting (printing heap information), id 0xc0000005, EXCEPTION_ACCESS_VIOLATION (0xc0000005) at pc=0x00007fffecfe79b9]
GC Heap History (0 events):
No events

Dll operation events (1 events):
Event: 0.018 Loaded shared library C:\Users\kinne\.p2\pool\plugins\org.eclipse.justj.openjdk.hotspot.jre.full.win32.x86_64_21.0.6.v20250130-0529\jre\bin\java.dll

Deoptimization events (0 events):
No events

Classes loaded (0 events):
No events

Classes unloaded (0 events):
No events

Classes redefined (0 events):
No events

Internal exceptions (0 events):
No events

ZGC Phase Switch (0 events):
No events

VM Operations (0 events):
No events

Memory protections (0 events):
No events

Nmethod flushes (0 events):
No events

Events (0 events):
No events


Dynamic libraries:
0x00007ff623920000 - 0x00007ff62392e000 	C:\Users\kinne\.p2\pool\plugins\org.eclipse.justj.openjdk.hotspot.jre.full.win32.x86_64_21.0.6.v20250130-0529\jre\bin\javaw.exe
0x00007ff882320000 - 0x00007ff882587000 	C:\WINDOWS\SYSTEM32\ntdll.dll
0x00007ff8802d0000 - 0x00007ff880399000 	C:\WINDOWS\System32\KERNEL32.DLL
0x00007ff87fb60000 - 0x00007ff87ff50000 	C:\WINDOWS\System32\KERNELBASE.dll
0x00007ff87ff60000 - 0x00007ff8800ab000 	C:\WINDOWS\System32\ucrtbase.dll
0x00007ff871030000 - 0x00007ff87104e000 	C:\Users\kinne\.p2\pool\plugins\org.eclipse.justj.openjdk.hotspot.jre.full.win32.x86_64_21.0.6.v20250130-0529\jre\bin\VCRUNTIME140.dll
0x00007ff871150000 - 0x00007ff871168000 	C:\Users\kinne\.p2\pool\plugins\org.eclipse.justj.openjdk.hotspot.jre.full.win32.x86_64_21.0.6.v20250130-0529\jre\bin\jli.dll
0x00007ff881060000 - 0x00007ff881225000 	C:\WINDOWS\System32\USER32.dll
0x00007ff85fca0000 - 0x00007ff85ff3a000 	C:\WINDOWS\WinSxS\amd64_microsoft.windows.common-controls_6595b64144ccf1df_6.0.26100.4768_none_3e0c112ce331287c\COMCTL32.dll
0x00007ff87f7c0000 - 0x00007ff87f7e7000 	C:\WINDOWS\System32\win32u.dll
0x00007ff881bf0000 - 0x00007ff881c99000 	C:\WINDOWS\System32\msvcrt.dll
0x00007ff881230000 - 0x00007ff88125b000 	C:\WINDOWS\System32\GDI32.dll
0x00007ff87f500000 - 0x00007ff87f638000 	C:\WINDOWS\System32\gdi32full.dll
0x00007ff87f450000 - 0x00007ff87f4f3000 	C:\WINDOWS\System32\msvcp_win.dll
0x00007ff881b90000 - 0x00007ff881bbf000 	C:\WINDOWS\System32\IMM32.DLL
0x00007ff871500000 - 0x00007ff87150c000 	C:\Users\kinne\.p2\pool\plugins\org.eclipse.justj.openjdk.hotspot.jre.full.win32.x86_64_21.0.6.v20250130-0529\jre\bin\vcruntime140_1.dll
0x00007ff855020000 - 0x00007ff8550ad000 	C:\Users\kinne\.p2\pool\plugins\org.eclipse.justj.openjdk.hotspot.jre.full.win32.x86_64_21.0.6.v20250130-0529\jre\bin\msvcp140.dll
0x00007fffec8c0000 - 0x00007fffed650000 	C:\Users\kinne\.p2\pool\plugins\org.eclipse.justj.openjdk.hotspot.jre.full.win32.x86_64_21.0.6.v20250130-0529\jre\bin\server\jvm.dll
0x00007ff882220000 - 0x00007ff8822d4000 	C:\WINDOWS\System32\ADVAPI32.dll
0x00007ff882170000 - 0x00007ff882216000 	C:\WINDOWS\System32\sechost.dll
0x00007ff8800b0000 - 0x00007ff8801c8000 	C:\WINDOWS\System32\RPCRT4.dll
0x00007ff881410000 - 0x00007ff881484000 	C:\WINDOWS\System32\WS2_32.dll
0x00007ff87f2b0000 - 0x00007ff87f30e000 	C:\WINDOWS\SYSTEM32\POWRPROF.dll
0x00007ff874be0000 - 0x00007ff874c15000 	C:\WINDOWS\SYSTEM32\WINMM.dll
0x00007ff873930000 - 0x00007ff87393b000 	C:\WINDOWS\SYSTEM32\VERSION.dll
0x00007ff87f290000 - 0x00007ff87f2a4000 	C:\WINDOWS\SYSTEM32\UMPDC.dll
0x00007ff87e1d0000 - 0x00007ff87e1eb000 	C:\WINDOWS\SYSTEM32\kernel.appcore.dll
0x00007ff87bbf0000 - 0x00007ff87bbfa000 	C:\Users\kinne\.p2\pool\plugins\org.eclipse.justj.openjdk.hotspot.jre.full.win32.x86_64_21.0.6.v20250130-0529\jre\bin\jimage.dll
0x00007ff87cbb0000 - 0x00007ff87cdf1000 	C:\WINDOWS\SYSTEM32\DBGHELP.DLL
0x00007ff881ca0000 - 0x00007ff882025000 	C:\WINDOWS\System32\combase.dll
0x00007ff881510000 - 0x00007ff8815f0000 	C:\WINDOWS\System32\OLEAUT32.dll
0x00007ff85e7e0000 - 0x00007ff85e823000 	C:\WINDOWS\SYSTEM32\dbgcore.DLL
0x00007ff87f880000 - 0x00007ff87f919000 	C:\WINDOWS\System32\bcryptPrimitives.dll
0x00007ff879c40000 - 0x00007ff879c5f000 	C:\Users\kinne\.p2\pool\plugins\org.eclipse.justj.openjdk.hotspot.jre.full.win32.x86_64_21.0.6.v20250130-0529\jre\bin\java.dll

dbghelp: loaded successfully - version: 4.0.5 - missing functions: none
symbol engine: initialized successfully - sym options: 0x614 - pdb path: .;C:\Users\kinne\.p2\pool\plugins\org.eclipse.justj.openjdk.hotspot.jre.full.win32.x86_64_21.0.6.v20250130-0529\jre\bin;C:\WINDOWS\SYSTEM32;C:\WINDOWS\WinSxS\amd64_microsoft.windows.common-controls_6595b64144ccf1df_6.0.26100.4768_none_3e0c112ce331287c;C:\Users\kinne\.p2\pool\plugins\org.eclipse.justj.openjdk.hotspot.jre.full.win32.x86_64_21.0.6.v20250130-0529\jre\bin\server

VM Arguments:
jvm_args: -Dfile.encoding=UTF-8 -Dstdout.encoding=UTF-8 -Dstderr.encoding=UTF-8 -XX:+ShowCodeDetailsInExceptionMessages 
java_command: learnJavaProblems._55_LinearSearch
java_class_path (initial): D:\Eclipse\eclipse-workspace\learnJava\bin
Launcher Type: SUN_STANDARD

[Global flags]
     intx CICompilerCount                          = 4                                         {product} {ergonomic}
     uint ConcGCThreads                            = 2                                         {product} {ergonomic}
     uint G1ConcRefinementThreads                  = 8                                         {product} {ergonomic}
   size_t G1HeapRegionSize                         = 1048576                                   {product} {ergonomic}
    uintx GCDrainStackTargetSize                   = 64                                        {product} {ergonomic}
   size_t InitialHeapSize                          = 115343360                                 {product} {ergonomic}
   size_t MarkStackSize                            = 4194304                                   {product} {ergonomic}
   size_t MaxHeapSize                              = 1839202304                                {product} {ergonomic}
   size_t MinHeapDeltaBytes                        = 1048576                                   {product} {ergonomic}
   size_t MinHeapSize                              = 8388608                                   {product} {ergonomic}
    uintx NonNMethodCodeHeapSize                   = 5839372                                {pd product} {ergonomic}
    uintx NonProfiledCodeHeapSize                  = 122909434                              {pd product} {ergonomic}
    uintx ProfiledCodeHeapSize                     = 122909434                              {pd product} {ergonomic}
    uintx ReservedCodeCacheSize                    = 251658240                              {pd product} {ergonomic}
     bool SegmentedCodeCache                       = true                                      {product} {ergonomic}
     bool ShowCodeDetailsInExceptionMessages       = true                                   {manageable} {command line}
   size_t SoftMaxHeapSize                          = 1839202304                             {manageable} {ergonomic}
     bool UseCompressedOops                        = true                           {product lp64_product} {ergonomic}
     bool UseG1GC                                  = true                                      {product} {ergonomic}
     bool UseLargePagesIndividualAllocation        = false                                  {pd product} {ergonomic}

Logging:
Log output configuration:
 #0: stdout all=warning uptime,level,tags foldmultilines=false
 #1: stderr all=off uptime,level,tags foldmultilines=false

Environment Variables:
PATH=C:/Users/kinne/.p2/pool/plugins/org.eclipse.justj.openjdk.hotspot.jre.full.win32.x86_64_21.0.6.v20250130-0529/jre/bin/server;C:/Users/kinne/.p2/pool/plugins/org.eclipse.justj.openjdk.hotspot.jre.full.win32.x86_64_21.0.6.v20250130-0529/jre/bin;C:\Program Files\Common Files\Oracle\Java\javapath;C:\WINDOWS\system32;C:\WINDOWS;C:\WINDOWS\System32\Wbem;C:\WINDOWS\System32\WindowsPowerShell\v1.0\;C:\WINDOWS\System32\OpenSSH\;C:\Program Files\Java\jdk-24\bin;C:\ProgramData\chocolatey\bin;C:\Users\kinne\AppData\Local\Microsoft\WindowsApps;C:\WINDOWS\System32;
USERNAME=kinne
OS=Windows_NT
PROCESSOR_IDENTIFIER=AMD64 Family 25 Model 68 Stepping 1, AuthenticAMD
TMP=C:\Users\kinne\AppData\Local\Temp
TEMP=C:\Users\kinne\AppData\Local\Temp




Periodic native trim disabled

---------------  S Y S T E M  ---------------

OS:
 Windows 11 , 64 bit Build 26100 (10.0.26100.4768)
OS uptime: 7 days 23:18 hours
Hyper-V role detected

CPU: total 8 (initial active 8) (8 cores per cpu, 2 threads per core) family 25 model 68 stepping 1 microcode 0xa40410a, cx8, cmov, fxsr, ht, mmx, 3dnowpref, sse, sse2, sse3, ssse3, sse4a, sse4.1, sse4.2, popcnt, lzcnt, tsc, tscinvbit, avx, avx2, aes, erms, clmul, bmi1, bmi2, adx, sha, fma, vzeroupper, clflush, clflushopt, hv, rdtscp, rdpid, fsrm, f16c, cet_ss
Processor Information for processor 0
  Max Mhz: 3001, Current Mhz: 2500, Mhz Limit: 3001
Processor Information for processor 1
  Max Mhz: 3001, Current Mhz: 3001, Mhz Limit: 3001
Processor Information for processor 2
  Max Mhz: 3001, Current Mhz: 3001, Mhz Limit: 3001
Processor Information for processor 3
  Max Mhz: 3001, Current Mhz: 2500, Mhz Limit: 3001
Processor Information for processor 4
  Max Mhz: 3001, Current Mhz: 3001, Mhz Limit: 3001
Processor Information for processor 5
  Max Mhz: 3001, Current Mhz: 2500, Mhz Limit: 3001
Processor Information for processor 6
  Max Mhz: 3001, Current Mhz: 3001, Mhz Limit: 3001
Processor Information for processor 7
  Max Mhz: 3001, Current Mhz: 3001, Mhz Limit: 3001

Memory: 4k page, system-wide physical 7010M (716M free)
TotalPageFile size 27036M (AvailPageFile size 27M)
current process WorkingSet (physical memory assigned to process): 12M, peak: 12M
current process commit charge ("private bytes"): 60M, peak: 170M

vm_info: OpenJDK 64-Bit Server VM (21.0.6+7-LTS) for windows-amd64 JRE (21.0.6+7-LTS), built on 2025-01-21T00:00:00Z by "admin" with MS VC++ 17.7 (VS2022)

END.
